# JRE version: OpenJDK Runtime Environment Microsoft-12574423 (17.0.17+10) (build 17.0.17+10-LTS)
# Java VM: OpenJDK 64-Bit Server VM Microsoft-12574423 (17.0.17+10-LTS, mixed mode, sharing, tiered, compressed oops, compressed class ptrs, g1 gc, windows-amd64)
GC Precious Log:
 CPUs: 8 total, 8 available
 Memory: 8036M
 Large Page Support: Disabled
 NUMA Support: Disabled
 Compressed Oops: Enabled (32-bit)
 Heap Region Size: 1M
 Heap Min Capacity: 8M
 Heap Initial Capacity: 126M
 Heap Max Capacity: 2G
 Pre-touch: Disabled
 Parallel Workers: 8
 Concurrent Workers: 2
 Concurrent Refinement Workers: 8
 Periodic GC: Disabled
Heap:
 garbage-first heap   total 129024K, used 60692K [0x0000000080000000, 0x0000000100000000)
  region size 1024K, 5 young (5120K), 5 survivors (5120K)
 Metaspace       used 62226K, committed 62912K, reserved 1114112K
  class space    used 8830K, committed 9152K, reserved 1048576K
GC Heap History (20 events):
Event: 17.542 GC heap after
{Heap after GC invocations=15 (full 0):
 garbage-first heap   total 81920K, used 40767K [0x0000000080000000, 0x0000000100000000)
  region size 1024K, 4 young (4096K), 4 survivors (4096K)
 Metaspace       used 44741K, committed 45248K, reserved 1114112K
  class space    used 6245K, committed 6464K, reserved 1048576K
}
Event: 17.612 GC heap before
{Heap before GC invocations=15 (full 0):
 garbage-first heap   total 81920K, used 65343K [0x0000000080000000, 0x0000000100000000)
  region size 1024K, 28 young (28672K), 4 survivors (4096K)
 Metaspace       used 44743K, committed 45248K, reserved 1114112K
  class space    used 6245K, committed 6464K, reserved 1048576K
}
Event: 17.617 GC heap after
{Heap after GC invocations=16 (full 0):
 garbage-first heap   total 81920K, used 41403K [0x0000000080000000, 0x0000000100000000)
  region size 1024K, 2 young (2048K), 2 survivors (2048K)
 Metaspace       used 44743K, committed 45248K, reserved 1114112K
  class space    used 6245K, committed 6464K, reserved 1048576K
}
Event: 17.785 GC heap before
{Heap before GC invocations=17 (full 0):
 garbage-first heap   total 86016K, used 67003K [0x0000000080000000, 0x0000000100000000)
  region size 1024K, 27 young (27648K), 2 survivors (2048K)
 Metaspace       used 44734K, committed 45248K, reserved 1114112K
  class space    used 6241K, committed 6464K, reserved 1048576K
}
Event: 17.791 GC heap after
{Heap after GC invocations=18 (full 0):
 garbage-first heap   total 103424K, used 42137K [0x0000000080000000, 0x0000000100000000)
  region size 1024K, 3 young (3072K), 3 survivors (3072K)
 Metaspace       used 44734K, committed 45248K, reserved 1114112K
  class space    used 6241K, committed 6464K, reserved 1048576K
}
Event: 18.051 GC heap before
{Heap before GC invocations=18 (full 0):
 garbage-first heap   total 103424K, used 82073K [0x0000000080000000, 0x0000000100000000)
  region size 1024K, 42 young (43008K), 3 survivors (3072K)
 Metaspace       used 44742K, committed 45248K, reserved 1114112K
  class space    used 6241K, committed 6464K, reserved 1048576K
}
Event: 18.072 GC heap after
{Heap after GC invocations=19 (full 0):
 garbage-first heap   total 103424K, used 44706K [0x0000000080000000, 0x0000000100000000)
  region size 1024K, 5 young (5120K), 5 survivors (5120K)
 Metaspace       used 44742K, committed 45248K, reserved 1114112K
  class space    used 6241K, committed 6464K, reserved 1048576K
}
Event: 18.981 GC heap before
{Heap before GC invocations=19 (full 0):
 garbage-first heap   total 103424K, used 82594K [0x0000000080000000, 0x0000000100000000)
  region size 1024K, 42 young (43008K), 5 survivors (5120K)
 Metaspace       used 45360K, committed 45888K, reserved 1114112K
  class space    used 6288K, committed 6528K, reserved 1048576K
}
Event: 18.989 GC heap after
{Heap after GC invocations=20 (full 0):
 garbage-first heap   total 103424K, used 46749K [0x0000000080000000, 0x0000000100000000)
  region size 1024K, 5 young (5120K), 5 survivors (5120K)
 Metaspace       used 45360K, committed 45888K, reserved 1114112K
  class space    used 6288K, committed 6528K, reserved 1048576K
}
Event: 19.590 GC heap before
{Heap before GC invocations=20 (full 0):
 garbage-first heap   total 103424K, used 82589K [0x0000000080000000, 0x0000000100000000)
  region size 1024K, 40 young (40960K), 5 survivors (5120K)
 Metaspace       used 46713K, committed 47296K, reserved 1114112K
  class space    used 6469K, committed 6720K, reserved 1048576K
}
Event: 19.595 GC heap after
{Heap after GC invocations=21 (full 0):
 garbage-first heap   total 103424K, used 47666K [0x0000000080000000, 0x0000000100000000)
  region size 1024K, 4 young (4096K), 4 survivors (4096K)
 Metaspace       used 46713K, committed 47296K, reserved 1114112K
  class space    used 6469K, committed 6720K, reserved 1048576K
}
Event: 20.110 GC heap before
{Heap before GC invocations=21 (full 0):
 garbage-first heap   total 103424K, used 83506K [0x0000000080000000, 0x0000000100000000)
  region size 1024K, 39 young (39936K), 4 survivors (4096K)
 Metaspace       used 50788K, committed 51392K, reserved 1114112K
  class space    used 7412K, committed 7680K, reserved 1048576K
}
Event: 20.114 GC heap after
{Heap after GC invocations=22 (full 0):
 garbage-first heap   total 103424K, used 49063K [0x0000000080000000, 0x0000000100000000)
  region size 1024K, 3 young (3072K), 3 survivors (3072K)
 Metaspace       used 50788K, committed 51392K, reserved 1114112K
  class space    used 7412K, committed 7680K, reserved 1048576K
}
Event: 20.842 GC heap before
{Heap before GC invocations=22 (full 0):
 garbage-first heap   total 103424K, used 84903K [0x0000000080000000, 0x0000000100000000)
  region size 1024K, 38 young (38912K), 3 survivors (3072K)
 Metaspace       used 55511K, committed 56192K, reserved 1114112K
  class space    used 8005K, committed 8320K, reserved 1048576K
}
Event: 20.847 GC heap after
{Heap after GC invocations=23 (full 0):
 garbage-first heap   total 103424K, used 49893K [0x0000000080000000, 0x0000000100000000)
  region size 1024K, 4 young (4096K), 4 survivors (4096K)
 Metaspace       used 55511K, committed 56192K, reserved 1114112K
  class space    used 8005K, committed 8320K, reserved 1048576K
}
Event: 21.412 GC heap before
{Heap before GC invocations=24 (full 0):
 garbage-first heap   total 103424K, used 85733K [0x0000000080000000, 0x0000000100000000)
  region size 1024K, 39 young (39936K), 4 survivors (4096K)
 Metaspace       used 59764K, committed 60480K, reserved 1114112K
  class space    used 8543K, committed 8896K, reserved 1048576K
}
Event: 21.417 GC heap after
{Heap after GC invocations=25 (full 0):
 garbage-first heap   total 103424K, used 51037K [0x0000000080000000, 0x0000000100000000)
  region size 1024K, 4 young (4096K), 4 survivors (4096K)
 Metaspace       used 59764K, committed 60480K, reserved 1114112K
  class space    used 8543K, committed 8896K, reserved 1048576K
}
Event: 21.430 GC heap before
{Heap before GC invocations=25 (full 0):
 garbage-first heap   total 103424K, used 51037K [0x0000000080000000, 0x0000000100000000)
  region size 1024K, 5 young (5120K), 4 survivors (4096K)
 Metaspace       used 59853K, committed 60544K, reserved 1114112K
  class space    used 8558K, committed 8896K, reserved 1048576K
}
Event: 21.434 GC heap after
{Heap after GC invocations=26 (full 0):
 garbage-first heap   total 103424K, used 50936K [0x0000000080000000, 0x0000000100000000)
  region size 1024K, 1 young (1024K), 1 survivors (1024K)
 Metaspace       used 59853K, committed 60544K, reserved 1114112K
  class space    used 8558K, committed 8896K, reserved 1048576K
}
Event: 22.082 GC heap before
{Heap before GC invocations=26 (full 0):
 garbage-first heap   total 103424K, used 85752K [0x0000000080000000, 0x0000000100000000)
  region size 1024K, 35 young (35840K), 1 survivors (1024K)
 Metaspace       used 62226K, committed 62912K, reserved 1114112K
  class space    used 8830K, committed 9152K, reserved 1048576K
}

