# JRE version: OpenJDK Runtime Environment Temurin-21.0.9+10 (21.0.9+10) (build 21.0.9+10-LTS)
# Java VM: OpenJDK 64-Bit Server VM Temurin-21.0.9+10 (21.0.9+10-LTS, mixed mode, sharing, tiered, compressed oops, compressed class ptrs, parallel gc, windows-amd64)
GC Precious Log:
 CardTable entry size: 512
 CPUs: 8 total, 8 available
 Memory: 8036M
 Large Page Support: Disabled
 NUMA Support: Disabled
 Compressed Oops: Enabled (32-bit)
 Alignments: Space 512K, Generation 512K, Heap 2M
 Heap Min Capacity: 100M
 Heap Initial Capacity: 100M
 Heap Max Capacity: 2G
 Pre-touch: Disabled
 Parallel Workers: 8
Heap:
 PSYoungGen      total 4096K, used 3626K [0x00000000d5580000, 0x00000000d5b80000, 0x0000000100000000)
  eden space 2048K, 97% used [0x00000000d5580000,0x00000000d57728c0,0x00000000d5780000)
  from space 2048K, 79% used [0x00000000d5980000,0x00000000d5b18000,0x00000000d5b80000)
  to   space 2048K, 0% used [0x00000000d5780000,0x00000000d5780000,0x00000000d5980000)
 ParOldGen       total 441344K, used 440954K [0x0000000080000000, 0x000000009af00000, 0x00000000d5580000)
  object space 441344K, 99% used [0x0000000080000000,0x000000009ae9e898,0x000000009af00000)
 Metaspace       used 87183K, committed 88832K, reserved 1179648K
  class space    used 10587K, committed 11264K, reserved 1048576K
GC Heap History (20 events):
Event: 474.306 GC heap before
{Heap before GC invocations=344 (full 3):
 PSYoungGen      total 2048K, used 2048K [0x00000000d5580000, 0x00000000d5f80000, 0x0000000100000000)
  eden space 512K, 100% used [0x00000000d5580000,0x00000000d5600000,0x00000000d5600000)
  from space 1536K, 100% used [0x00000000d5a00000,0x00000000d5b80000,0x00000000d5b80000)
  to   space 4096K, 0% used [0x00000000d5600000,0x00000000d5600000,0x00000000d5a00000)
 ParOldGen       total 434176K, used 433946K [0x0000000080000000, 0x000000009a800000, 0x00000000d5580000)
  object space 434176K, 99% used [0x0000000080000000,0x000000009a7c6988,0x000000009a800000)
 Metaspace       used 87141K, committed 88704K, reserved 1179648K
  class space    used 10586K, committed 11264K, reserved 1048576K
}
Event: 474.310 GC heap after
{Heap after GC invocations=344 (full 3):
 PSYoungGen      total 1024K, used 320K [0x00000000d5580000, 0x00000000d5a80000, 0x0000000100000000)
  eden space 512K, 0% used [0x00000000d5580000,0x00000000d5580000,0x00000000d5600000)
  from space 512K, 62% used [0x00000000d5600000,0x00000000d5650000,0x00000000d5680000)
  to   space 1536K, 0% used [0x00000000d5900000,0x00000000d5900000,0x00000000d5a80000)
 ParOldGen       total 435712K, used 435514K [0x0000000080000000, 0x000000009a980000, 0x00000000d5580000)
  object space 435712K, 99% used [0x0000000080000000,0x000000009a94e988,0x000000009a980000)
 Metaspace       used 87141K, committed 88704K, reserved 1179648K
  class space    used 10586K, committed 11264K, reserved 1048576K
}
Event: 474.316 GC heap before
{Heap before GC invocations=345 (full 3):
 PSYoungGen      total 1024K, used 831K [0x00000000d5580000, 0x00000000d5a80000, 0x0000000100000000)
  eden space 512K, 99% used [0x00000000d5580000,0x00000000d55ffff8,0x00000000d5600000)
  from space 512K, 62% used [0x00000000d5600000,0x00000000d5650000,0x00000000d5680000)
  to   space 1536K, 0% used [0x00000000d5900000,0x00000000d5900000,0x00000000d5a80000)
 ParOldGen       total 435712K, used 435514K [0x0000000080000000, 0x000000009a980000, 0x00000000d5580000)
  object space 435712K, 99% used [0x0000000080000000,0x000000009a94e988,0x000000009a980000)
 Metaspace       used 87142K, committed 88704K, reserved 1179648K
  class space    used 10586K, committed 11264K, reserved 1048576K
}
Event: 474.318 GC heap after
{Heap after GC invocations=345 (full 3):
 PSYoungGen      total 1024K, used 240K [0x00000000d5580000, 0x00000000d5980000, 0x0000000100000000)
  eden space 512K, 0% used [0x00000000d5580000,0x00000000d5580000,0x00000000d5600000)
  from space 512K, 46% used [0x00000000d5900000,0x00000000d593c010,0x00000000d5980000)
  to   space 512K, 0% used [0x00000000d5600000,0x00000000d5600000,0x00000000d5680000)
 ParOldGen       total 435712K, used 435631K [0x0000000080000000, 0x000000009a980000, 0x00000000d5580000)
  object space 435712K, 99% used [0x0000000080000000,0x000000009a96be08,0x000000009a980000)
 Metaspace       used 87142K, committed 88704K, reserved 1179648K
  class space    used 10586K, committed 11264K, reserved 1048576K
}
Event: 474.331 GC heap before
{Heap before GC invocations=346 (full 3):
 PSYoungGen      total 1024K, used 752K [0x00000000d5580000, 0x00000000d5980000, 0x0000000100000000)
  eden space 512K, 100% used [0x00000000d5580000,0x00000000d5600000,0x00000000d5600000)
  from space 512K, 46% used [0x00000000d5900000,0x00000000d593c010,0x00000000d5980000)
  to   space 512K, 0% used [0x00000000d5600000,0x00000000d5600000,0x00000000d5680000)
 ParOldGen       total 435712K, used 435631K [0x0000000080000000, 0x000000009a980000, 0x00000000d5580000)
  object space 435712K, 99% used [0x0000000080000000,0x000000009a96be08,0x000000009a980000)
 Metaspace       used 87160K, committed 88704K, reserved 1179648K
  class space    used 10586K, committed 11264K, reserved 1048576K
}
Event: 474.334 GC heap after
{Heap after GC invocations=346 (full 3):
 PSYoungGen      total 1024K, used 320K [0x00000000d5580000, 0x00000000d5980000, 0x0000000100000000)
  eden space 512K, 0% used [0x00000000d5580000,0x00000000d5580000,0x00000000d5600000)
  from space 512K, 62% used [0x00000000d5600000,0x00000000d5650000,0x00000000d5680000)
  to   space 512K, 0% used [0x00000000d5900000,0x00000000d5900000,0x00000000d5980000)
 ParOldGen       total 436224K, used 435823K [0x0000000080000000, 0x000000009aa00000, 0x00000000d5580000)
  object space 436224K, 99% used [0x0000000080000000,0x000000009a99be18,0x000000009aa00000)
 Metaspace       used 87160K, committed 88704K, reserved 1179648K
  class space    used 10586K, committed 11264K, reserved 1048576K
}
Event: 593.889 GC heap before
{Heap before GC invocations=347 (full 3):
 PSYoungGen      total 1024K, used 832K [0x00000000d5580000, 0x00000000d5980000, 0x0000000100000000)
  eden space 512K, 100% used [0x00000000d5580000,0x00000000d5600000,0x00000000d5600000)
  from space 512K, 62% used [0x00000000d5600000,0x00000000d5650000,0x00000000d5680000)
  to   space 512K, 0% used [0x00000000d5900000,0x00000000d5900000,0x00000000d5980000)
 ParOldGen       total 436224K, used 435823K [0x0000000080000000, 0x000000009aa00000, 0x00000000d5580000)
  object space 436224K, 99% used [0x0000000080000000,0x000000009a99be18,0x000000009aa00000)
 Metaspace       used 87174K, committed 88768K, reserved 1179648K
  class space    used 10587K, committed 11264K, reserved 1048576K
}
Event: 593.891 GC heap after
{Heap after GC invocations=347 (full 3):
 PSYoungGen      total 1024K, used 352K [0x00000000d5580000, 0x00000000d5980000, 0x0000000100000000)
  eden space 512K, 0% used [0x00000000d5580000,0x00000000d5580000,0x00000000d5600000)
  from space 512K, 68% used [0x00000000d5900000,0x00000000d5958020,0x00000000d5980000)
  to   space 512K, 0% used [0x00000000d5600000,0x00000000d5600000,0x00000000d5680000)
 ParOldGen       total 436224K, used 436047K [0x0000000080000000, 0x000000009aa00000, 0x00000000d5580000)
  object space 436224K, 99% used [0x0000000080000000,0x000000009a9d3e18,0x000000009aa00000)
 Metaspace       used 87174K, committed 88768K, reserved 1179648K
  class space    used 10587K, committed 11264K, reserved 1048576K
}
Event: 593.895 GC heap before
{Heap before GC invocations=348 (full 3):
 PSYoungGen      total 1024K, used 774K [0x00000000d5580000, 0x00000000d5980000, 0x0000000100000000)
  eden space 512K, 82% used [0x00000000d5580000,0x00000000d55e9a18,0x00000000d5600000)
  from space 512K, 68% used [0x00000000d5900000,0x00000000d5958020,0x00000000d5980000)
  to   space 512K, 0% used [0x00000000d5600000,0x00000000d5600000,0x00000000d5680000)
 ParOldGen       total 436224K, used 436047K [0x0000000080000000, 0x000000009aa00000, 0x00000000d5580000)
  object space 436224K, 99% used [0x0000000080000000,0x000000009a9d3e18,0x000000009aa00000)
 Metaspace       used 87177K, committed 88768K, reserved 1179648K
  class space    used 10587K, committed 11264K, reserved 1048576K
}
Event: 593.896 GC heap after
{Heap after GC invocations=348 (full 3):
 PSYoungGen      total 1024K, used 417K [0x00000000d5580000, 0x00000000d5980000, 0x0000000100000000)
  eden space 512K, 0% used [0x00000000d5580000,0x00000000d5580000,0x00000000d5600000)
  from space 512K, 81% used [0x00000000d5600000,0x00000000d5668408,0x00000000d5680000)
  to   space 512K, 0% used [0x00000000d5900000,0x00000000d5900000,0x00000000d5980000)
 ParOldGen       total 436224K, used 436222K [0x0000000080000000, 0x000000009aa00000, 0x00000000d5580000)
  object space 436224K, 99% used [0x0000000080000000,0x000000009a9ff878,0x000000009aa00000)
 Metaspace       used 87177K, committed 88768K, reserved 1179648K
  class space    used 10587K, committed 11264K, reserved 1048576K
}
Event: 593.897 GC heap before
{Heap before GC invocations=349 (full 3):
 PSYoungGen      total 1024K, used 929K [0x00000000d5580000, 0x00000000d5980000, 0x0000000100000000)
  eden space 512K, 99% used [0x00000000d5580000,0x00000000d55ffff8,0x00000000d5600000)
  from space 512K, 81% used [0x00000000d5600000,0x00000000d5668408,0x00000000d5680000)
  to   space 512K, 0% used [0x00000000d5900000,0x00000000d5900000,0x00000000d5980000)
 ParOldGen       total 436224K, used 436222K [0x0000000080000000, 0x000000009aa00000, 0x00000000d5580000)
  object space 436224K, 99% used [0x0000000080000000,0x000000009a9ff878,0x000000009aa00000)
 Metaspace       used 87177K, committed 88768K, reserved 1179648K
  class space    used 10587K, committed 11264K, reserved 1048576K
}
Event: 593.899 GC heap after
{Heap after GC invocations=349 (full 3):
 PSYoungGen      total 1536K, used 481K [0x00000000d5580000, 0x00000000d5980000, 0x0000000100000000)
  eden space 1024K, 0% used [0x00000000d5580000,0x00000000d5580000,0x00000000d5680000)
  from space 512K, 93% used [0x00000000d5900000,0x00000000d5978408,0x00000000d5980000)
  to   space 1024K, 0% used [0x00000000d5780000,0x00000000d5780000,0x00000000d5880000)
 ParOldGen       total 436736K, used 436479K [0x0000000080000000, 0x000000009aa80000, 0x00000000d5580000)
  object space 436736K, 99% used [0x0000000080000000,0x000000009aa3fc80,0x000000009aa80000)
 Metaspace       used 87177K, committed 88768K, reserved 1179648K
  class space    used 10587K, committed 11264K, reserved 1048576K
}
Event: 593.901 GC heap before
{Heap before GC invocations=350 (full 3):
 PSYoungGen      total 1536K, used 1505K [0x00000000d5580000, 0x00000000d5980000, 0x0000000100000000)
  eden space 1024K, 100% used [0x00000000d5580000,0x00000000d5680000,0x00000000d5680000)
  from space 512K, 93% used [0x00000000d5900000,0x00000000d5978408,0x00000000d5980000)
  to   space 1024K, 0% used [0x00000000d5780000,0x00000000d5780000,0x00000000d5880000)
 ParOldGen       total 436736K, used 436479K [0x0000000080000000, 0x000000009aa80000, 0x00000000d5580000)
  object space 436736K, 99% used [0x0000000080000000,0x000000009aa3fc80,0x000000009aa80000)
 Metaspace       used 87177K, committed 88768K, reserved 1179648K
  class space    used 10587K, committed 11264K, reserved 1048576K
}
Event: 593.903 GC heap after
{Heap after GC invocations=350 (full 3):
 PSYoungGen      total 2560K, used 1024K [0x00000000d5580000, 0x00000000d5b00000, 0x0000000100000000)
  eden space 1536K, 0% used [0x00000000d5580000,0x00000000d5580000,0x00000000d5700000)
  from space 1024K, 100% used [0x00000000d5780000,0x00000000d5880000,0x00000000d5880000)
  to   space 2048K, 0% used [0x00000000d5900000,0x00000000d5900000,0x00000000d5b00000)
 ParOldGen       total 437248K, used 436936K [0x0000000080000000, 0x000000009ab00000, 0x00000000d5580000)
  object space 437248K, 99% used [0x0000000080000000,0x000000009aab2088,0x000000009ab00000)
 Metaspace       used 87177K, committed 88768K, reserved 1179648K
  class space    used 10587K, committed 11264K, reserved 1048576K
}
Event: 593.906 GC heap before
{Heap before GC invocations=351 (full 3):
 PSYoungGen      total 2560K, used 2560K [0x00000000d5580000, 0x00000000d5b00000, 0x0000000100000000)
  eden space 1536K, 100% used [0x00000000d5580000,0x00000000d5700000,0x00000000d5700000)
  from space 1024K, 100% used [0x00000000d5780000,0x00000000d5880000,0x00000000d5880000)
  to   space 2048K, 0% used [0x00000000d5900000,0x00000000d5900000,0x00000000d5b00000)
 ParOldGen       total 437248K, used 436936K [0x0000000080000000, 0x000000009ab00000, 0x00000000d5580000)
  object space 437248K, 99% used [0x0000000080000000,0x000000009aab2088,0x000000009ab00000)
 Metaspace       used 87177K, committed 88768K, reserved 1179648K
  class space    used 10587K, committed 11264K, reserved 1048576K
}
Event: 593.908 GC heap after
{Heap after GC invocations=351 (full 3):
 PSYoungGen      total 3584K, used 1600K [0x00000000d5580000, 0x00000000d5b80000, 0x0000000100000000)
  eden space 1536K, 0% used [0x00000000d5580000,0x00000000d5580000,0x00000000d5700000)
  from space 2048K, 78% used [0x00000000d5900000,0x00000000d5a90000,0x00000000d5b00000)
  to   space 2048K, 0% used [0x00000000d5700000,0x00000000d5700000,0x00000000d5900000)
 ParOldGen       total 438272K, used 437928K [0x0000000080000000, 0x000000009ac00000, 0x00000000d5580000)
  object space 438272K, 99% used [0x0000000080000000,0x000000009abaa088,0x000000009ac00000)
 Metaspace       used 87177K, committed 88768K, reserved 1179648K
  class space    used 10587K, committed 11264K, reserved 1048576K
}
Event: 593.914 GC heap before
{Heap before GC invocations=352 (full 3):
 PSYoungGen      total 3584K, used 3136K [0x00000000d5580000, 0x00000000d5b80000, 0x0000000100000000)
  eden space 1536K, 100% used [0x00000000d5580000,0x00000000d5700000,0x00000000d5700000)
  from space 2048K, 78% used [0x00000000d5900000,0x00000000d5a90000,0x00000000d5b00000)
  to   space 2048K, 0% used [0x00000000d5700000,0x00000000d5700000,0x00000000d5900000)
 ParOldGen       total 438272K, used 437928K [0x0000000080000000, 0x000000009ac00000, 0x00000000d5580000)
  object space 438272K, 99% used [0x0000000080000000,0x000000009abaa088,0x000000009ac00000)
 Metaspace       used 87178K, committed 88768K, reserved 1179648K
  class space    used 10587K, committed 11264K, reserved 1048576K
}
Event: 593.916 GC heap after
{Heap after GC invocations=352 (full 3):
 PSYoungGen      total 3584K, used 1602K [0x00000000d5580000, 0x00000000d5b80000, 0x0000000100000000)
  eden space 1536K, 0% used [0x00000000d5580000,0x00000000d5580000,0x00000000d5700000)
  from space 2048K, 78% used [0x00000000d5700000,0x00000000d5890810,0x00000000d5900000)
  to   space 2048K, 0% used [0x00000000d5980000,0x00000000d5980000,0x00000000d5b80000)
 ParOldGen       total 439808K, used 439456K [0x0000000080000000, 0x000000009ad80000, 0x00000000d5580000)
  object space 439808K, 99% used [0x0000000080000000,0x000000009ad28088,0x000000009ad80000)
 Metaspace       used 87178K, committed 88768K, reserved 1179648K
  class space    used 10587K, committed 11264K, reserved 1048576K
}
Event: 593.920 GC heap before
{Heap before GC invocations=353 (full 3):
 PSYoungGen      total 3584K, used 3138K [0x00000000d5580000, 0x00000000d5b80000, 0x0000000100000000)
  eden space 1536K, 100% used [0x00000000d5580000,0x00000000d5700000,0x00000000d5700000)
  from space 2048K, 78% used [0x00000000d5700000,0x00000000d5890810,0x00000000d5900000)
  to   space 2048K, 0% used [0x00000000d5980000,0x00000000d5980000,0x00000000d5b80000)
 ParOldGen       total 439808K, used 439456K [0x0000000080000000, 0x000000009ad80000, 0x00000000d5580000)
  object space 439808K, 99% used [0x0000000080000000,0x000000009ad28088,0x000000009ad80000)
 Metaspace       used 87178K, committed 88768K, reserved 1179648K
  class space    used 10587K, committed 11264K, reserved 1048576K
}
Event: 593.922 GC heap after
{Heap after GC invocations=353 (full 3):
 PSYoungGen      total 4096K, used 1632K [0x00000000d5580000, 0x00000000d5b80000, 0x0000000100000000)
  eden space 2048K, 0% used [0x00000000d5580000,0x00000000d5580000,0x00000000d5780000)
  from space 2048K, 79% used [0x00000000d5980000,0x00000000d5b18000,0x00000000d5b80000)
  to   space 2048K, 0% used [0x00000000d5780000,0x00000000d5780000,0x00000000d5980000)
 ParOldGen       total 441344K, used 440954K [0x0000000080000000, 0x000000009af00000, 0x00000000d5580000)
  object space 441344K, 99% used [0x0000000080000000,0x000000009ae9e898,0x000000009af00000)
 Metaspace       used 87178K, committed 88768K, reserved 1179648K
  class space    used 10587K, committed 11264K, reserved 1048576K
}

