# JRE version: OpenJDK Runtime Environment Microsoft-12574423 (17.0.17+10) (build 17.0.17+10-LTS)
# Java VM: OpenJDK 64-Bit Server VM Microsoft-12574423 (17.0.17+10-LTS, mixed mode, sharing, tiered, compressed oops, compressed class ptrs, g1 gc, windows-amd64)
GC Precious Log:
 CPUs: 8 total, 8 available
 Memory: 8036M
 Large Page Support: Disabled
 NUMA Support: Disabled
 Compressed Oops: Enabled (32-bit)
 Heap Region Size: 1M
 Heap Min Capacity: 8M
 Heap Initial Capacity: 126M
 Heap Max Capacity: 2G
 Pre-touch: Disabled
 Parallel Workers: 8
 Concurrent Workers: 2
 Concurrent Refinement Workers: 8
 Periodic GC: Disabled
Heap:
 garbage-first heap   total 139264K, used 92036K [0x0000000080000000, 0x0000000100000000)
  region size 1024K, 31 young (31744K), 2 survivors (2048K)
 Metaspace       used 77250K, committed 77888K, reserved 1179648K
  class space    used 10379K, committed 10688K, reserved 1048576K
GC Heap History (20 events):
Event: 8.194 GC heap before
{Heap before GC invocations=7 (full 0):
 garbage-first heap   total 86016K, used 24634K [0x0000000080000000, 0x0000000100000000)
  region size 1024K, 5 young (5120K), 4 survivors (4096K)
 Metaspace       used 27057K, committed 27392K, reserved 1114112K
  class space    used 3839K, committed 4032K, reserved 1048576K
}
Event: 8.200 GC heap after
{Heap after GC invocations=8 (full 0):
 garbage-first heap   total 86016K, used 25155K [0x0000000080000000, 0x0000000100000000)
  region size 1024K, 1 young (1024K), 1 survivors (1024K)
 Metaspace       used 27057K, committed 27392K, reserved 1114112K
  class space    used 3839K, committed 4032K, reserved 1048576K
}
Event: 9.490 GC heap before
{Heap before GC invocations=8 (full 0):
 garbage-first heap   total 86016K, used 64067K [0x0000000080000000, 0x0000000100000000)
  region size 1024K, 40 young (40960K), 1 survivors (1024K)
 Metaspace       used 32747K, committed 33152K, reserved 1114112K
  class space    used 4608K, committed 4800K, reserved 1048576K
}
Event: 9.494 GC heap after
{Heap after GC invocations=9 (full 0):
 garbage-first heap   total 86016K, used 27116K [0x0000000080000000, 0x0000000100000000)
  region size 1024K, 3 young (3072K), 3 survivors (3072K)
 Metaspace       used 32747K, committed 33152K, reserved 1114112K
  class space    used 4608K, committed 4800K, reserved 1048576K
}
Event: 10.384 GC heap before
{Heap before GC invocations=9 (full 0):
 garbage-first heap   total 86016K, used 59884K [0x0000000080000000, 0x0000000100000000)
  region size 1024K, 37 young (37888K), 3 survivors (3072K)
 Metaspace       used 35716K, committed 36096K, reserved 1114112K
  class space    used 5117K, committed 5312K, reserved 1048576K
}
Event: 10.391 GC heap after
{Heap after GC invocations=10 (full 0):
 garbage-first heap   total 86016K, used 29264K [0x0000000080000000, 0x0000000100000000)
  region size 1024K, 5 young (5120K), 5 survivors (5120K)
 Metaspace       used 35716K, committed 36096K, reserved 1114112K
  class space    used 5117K, committed 5312K, reserved 1048576K
}
Event: 10.881 GC heap before
{Heap before GC invocations=11 (full 0):
 garbage-first heap   total 86016K, used 66128K [0x0000000080000000, 0x0000000100000000)
  region size 1024K, 41 young (41984K), 5 survivors (5120K)
 Metaspace       used 35938K, committed 36352K, reserved 1114112K
  class space    used 5121K, committed 5312K, reserved 1048576K
}
Event: 10.889 GC heap after
{Heap after GC invocations=12 (full 0):
 garbage-first heap   total 139264K, used 30601K [0x0000000080000000, 0x0000000100000000)
  region size 1024K, 5 young (5120K), 5 survivors (5120K)
 Metaspace       used 35938K, committed 36352K, reserved 1114112K
  class space    used 5121K, committed 5312K, reserved 1048576K
}
Event: 14.225 GC heap before
{Heap before GC invocations=12 (full 0):
 garbage-first heap   total 139264K, used 108425K [0x0000000080000000, 0x0000000100000000)
  region size 1024K, 81 young (82944K), 5 survivors (5120K)
 Metaspace       used 44305K, committed 44864K, reserved 1114112K
  class space    used 6192K, committed 6464K, reserved 1048576K
}
Event: 14.238 GC heap after
{Heap after GC invocations=13 (full 0):
 garbage-first heap   total 139264K, used 36191K [0x0000000080000000, 0x0000000100000000)
  region size 1024K, 10 young (10240K), 10 survivors (10240K)
 Metaspace       used 44305K, committed 44864K, reserved 1114112K
  class space    used 6192K, committed 6464K, reserved 1048576K
}
Event: 15.762 GC heap before
{Heap before GC invocations=13 (full 0):
 garbage-first heap   total 139264K, used 108895K [0x0000000080000000, 0x0000000100000000)
  region size 1024K, 81 young (82944K), 10 survivors (10240K)
 Metaspace       used 50995K, committed 51584K, reserved 1114112K
  class space    used 7453K, committed 7744K, reserved 1048576K
}
Event: 15.770 GC heap after
{Heap after GC invocations=14 (full 0):
 garbage-first heap   total 139264K, used 38700K [0x0000000080000000, 0x0000000100000000)
  region size 1024K, 3 young (3072K), 3 survivors (3072K)
 Metaspace       used 50995K, committed 51584K, reserved 1114112K
  class space    used 7453K, committed 7744K, reserved 1048576K
}
Event: 17.344 GC heap before
{Heap before GC invocations=14 (full 0):
 garbage-first heap   total 139264K, used 103212K [0x0000000080000000, 0x0000000100000000)
  region size 1024K, 67 young (68608K), 3 survivors (3072K)
 Metaspace       used 59674K, committed 60288K, reserved 1114112K
  class space    used 8537K, committed 8832K, reserved 1048576K
}
Event: 17.351 GC heap after
{Heap after GC invocations=15 (full 0):
 garbage-first heap   total 139264K, used 39612K [0x0000000080000000, 0x0000000100000000)
  region size 1024K, 4 young (4096K), 4 survivors (4096K)
 Metaspace       used 59674K, committed 60288K, reserved 1114112K
  class space    used 8537K, committed 8832K, reserved 1048576K
}
Event: 18.659 GC heap before
{Heap before GC invocations=16 (full 0):
 garbage-first heap   total 139264K, used 112316K [0x0000000080000000, 0x0000000100000000)
  region size 1024K, 75 young (76800K), 4 survivors (4096K)
 Metaspace       used 63570K, committed 64256K, reserved 1114112K
  class space    used 8951K, committed 9280K, reserved 1048576K
}
Event: 18.674 GC heap after
{Heap after GC invocations=17 (full 0):
 garbage-first heap   total 139264K, used 56719K [0x0000000080000000, 0x0000000100000000)
  region size 1024K, 10 young (10240K), 10 survivors (10240K)
 Metaspace       used 63570K, committed 64256K, reserved 1114112K
  class space    used 8951K, committed 9280K, reserved 1048576K
}
Event: 19.894 GC heap before
{Heap before GC invocations=18 (full 0):
 garbage-first heap   total 139264K, used 108943K [0x0000000080000000, 0x0000000100000000)
  region size 1024K, 61 young (62464K), 10 survivors (10240K)
 Metaspace       used 68628K, committed 69312K, reserved 1114112K
  class space    used 9498K, committed 9792K, reserved 1048576K
}
Event: 19.912 GC heap after
{Heap after GC invocations=19 (full 0):
 garbage-first heap   total 139264K, used 62670K [0x0000000080000000, 0x0000000100000000)
  region size 1024K, 5 young (5120K), 5 survivors (5120K)
 Metaspace       used 68628K, committed 69312K, reserved 1114112K
  class space    used 9498K, committed 9792K, reserved 1048576K
}
Event: 21.047 GC heap before
{Heap before GC invocations=19 (full 0):
 garbage-first heap   total 139264K, used 108750K [0x0000000080000000, 0x0000000100000000)
  region size 1024K, 51 young (52224K), 5 survivors (5120K)
 Metaspace       used 74391K, committed 75072K, reserved 1179648K
  class space    used 10068K, committed 10368K, reserved 1048576K
}
Event: 21.053 GC heap after
{Heap after GC invocations=20 (full 0):
 garbage-first heap   total 139264K, used 64388K [0x0000000080000000, 0x0000000100000000)
  region size 1024K, 2 young (2048K), 2 survivors (2048K)
 Metaspace       used 74391K, committed 75072K, reserved 1179648K
  class space    used 10068K, committed 10368K, reserved 1048576K
}

